 * DELTA METHOD FOR DRAG ESTIMATION
 *
 * INPUT FILE ECHO
 *
 * PARSED INPUTS
 *
 * WING GEOMETRY
 *   S_REF        AR       TC% SW25(deg)    TAPER%
    700.00      3.73      5.00     37.50     19.00
 *WINGSPAN       MAC
     51.10     13.70
 *   S_WET   CAMBER%    AITEK    UP_LAM%   LW_LAM%    DELCD0
   1144.08      0.00        1.      0.00      0.00    0.0000
 *
 * FUSELAGE GEOMETRY
 *   S_WET     S_LEN  BODY_L/D     SBASE    DELCD0
   1474.00     73.30      9.66     12.28    0.0000
 *XAREASPI  1+SB/SPI  FUSE_D/B
     45.22      1.27      0.15
 *
 * CRUDFACTOR (EDET CR USES = 0.284)
    0.2840
 *
 * REFERENCE CONDITIONS
 * REF_ALT  REF_MACH REF_REMAC
  36152.00      0.60 18923536.
 *
 * EXTRA COMPONENTS
 *
 * COMPONENT         S_WET       LEN     TC/FR DELTA_CD0
 Vtail              235.33      8.34      0.04    0.0000
 Htail              388.72      9.73      0.04    0.0000
 *
 *
 * **************************************************
 *
 * EDET RESULTS
 *
 * WING DESIGN CONDITIONS
 *DES_MACH    DES_CL
    0.9084    0.3574
 *
 * POST-STALL LONGITUDINAL STABILITY ESTIMATE
 * (TAKAHASHI EDET2013a, NACA TN 1093)
 * CRIT_AR   PITCH_BREAK
      3.72      UNSTABLE
 *
 * CD0 BUILD-UP

 *   MACH          ALTITUDE     REFERENCE_AREA     TECHNOLOGY LEVEL
     0.60         36152. FT       700.00 SQ_FT         CONVENTIONAL
 * 
 * COMPONENT               SWET     LENGTH   FINENESS       FORM       RN         CF        CDF
                          SQ_FT         FT      RATIO     FACTOR MILLIONS
 WING                   1144.08      13.70     0.0500      1.165     18.9    0.00258    0.00491
 FUSELAGE               1474.00      73.30     9.6600      1.110    101.3    0.00201    0.00471
  Vtail                  235.33       8.34     0.0400      1.130     11.5    0.00279    0.00106
  Htail                  388.72       9.73     0.0400      1.130     13.4    0.00272    0.00171
 DELTA WING                                                                             0.00000
 DELTA FUSELAGE                                                                         0.00000
 DELTA  Vtail                                                                           0.00000
 DELTA  Htail                                                                           0.00000
 MISC/EXCRESENCE                                                                        0.00352

 TOTAL                  3242.13                                              0.00343    0.01591
 *     NUMCL
          15
 *   NUMMACH
          18
 *      NALT
          18
 *
 * CHANGE IN DRAG COEFFICIENT FROM REF ALT & MACH
 * ALTITUDE     MACH  DELTA_CD
        0.     0.200  -0.00007
        0.     0.400  -0.00164
        0.     0.600  -0.00243
        0.     0.800  -0.00292
        0.     0.850  -0.00301
        0.     0.875  -0.00306
        0.     0.900  -0.00310
        0.     0.925  -0.00314
        0.     0.950  -0.00317
        0.     0.975  -0.00321
        0.     1.025  -0.00327
        0.     1.075  -0.00333
        0.     1.125  -0.00339
        0.     1.300  -0.00353
        0.     1.500  -0.00365
        0.     1.700  -0.00371
        0.     1.900  -0.00375
        0.     2.000  -0.00376
     5000.     0.200   0.00028
     5000.     0.400  -0.00135
     5000.     0.600  -0.00216
     5000.     0.800  -0.00267
     5000.     0.850  -0.00277
     5000.     0.875  -0.00281
     5000.     0.900  -0.00286
     5000.     0.925  -0.00290
     5000.     0.950  -0.00294
     5000.     0.975  -0.00297
     5000.     1.025  -0.00304
     5000.     1.075  -0.00310
     5000.     1.125  -0.00316
     5000.     1.300  -0.00332
     5000.     1.500  -0.00344
     5000.     1.700  -0.00352
     5000.     1.900  -0.00357
     5000.     2.000  -0.00358
    10000.     0.200   0.00065
    10000.     0.400  -0.00103
    10000.     0.600  -0.00187
    10000.     0.800  -0.00240
    10000.     0.850  -0.00251
    10000.     0.875  -0.00255
    10000.     0.900  -0.00260
    10000.     0.925  -0.00264
    10000.     0.950  -0.00268
    10000.     0.975  -0.00272
    10000.     1.025  -0.00280
    10000.     1.075  -0.00286
    10000.     1.125  -0.00292
    10000.     1.300  -0.00309
    10000.     1.500  -0.00323
    10000.     1.700  -0.00332
    10000.     1.900  -0.00338
    10000.     2.000  -0.00340
    15000.     0.200   0.00105
    15000.     0.400  -0.00069
    15000.     0.600  -0.00157
    15000.     0.800  -0.00212
    15000.     0.850  -0.00223
    15000.     0.875  -0.00228
    15000.     0.900  -0.00233
    15000.     0.925  -0.00237
    15000.     0.950  -0.00241
    15000.     0.975  -0.00245
    15000.     1.025  -0.00253
    15000.     1.075  -0.00260
    15000.     1.125  -0.00267
    15000.     1.300  -0.00285
    15000.     1.500  -0.00300
    15000.     1.700  -0.00310
    15000.     1.900  -0.00317
    15000.     2.000  -0.00320
    20000.     0.200   0.00147
    20000.     0.400  -0.00033
    20000.     0.600  -0.00124
    20000.     0.800  -0.00182
    20000.     0.850  -0.00193
    20000.     0.875  -0.00198
    20000.     0.900  -0.00203
    20000.     0.925  -0.00208
    20000.     0.950  -0.00212
    20000.     0.975  -0.00217
    20000.     1.025  -0.00225
    20000.     1.075  -0.00232
    20000.     1.125  -0.00239
    20000.     1.300  -0.00259
    20000.     1.500  -0.00276
    20000.     1.700  -0.00287
    20000.     1.900  -0.00296
    20000.     2.000  -0.00299
    25000.     0.200   0.00193
    25000.     0.400   0.00006
    25000.     0.600  -0.00089
    25000.     0.800  -0.00149
    25000.     0.850  -0.00161
    25000.     0.875  -0.00166
    25000.     0.900  -0.00172
    25000.     0.925  -0.00177
    25000.     0.950  -0.00181
    25000.     0.975  -0.00186
    25000.     1.025  -0.00195
    25000.     1.075  -0.00203
    25000.     1.125  -0.00210
    25000.     1.300  -0.00232
    25000.     1.500  -0.00250
    25000.     1.700  -0.00263
    25000.     1.900  -0.00272
    25000.     2.000  -0.00276
    30000.     0.200   0.00243
    30000.     0.400   0.00048
    30000.     0.600  -0.00051
    30000.     0.800  -0.00114
    30000.     0.850  -0.00127
    30000.     0.875  -0.00132
    30000.     0.900  -0.00138
    30000.     0.925  -0.00143
    30000.     0.950  -0.00148
    30000.     0.975  -0.00153
    30000.     1.025  -0.00162
    30000.     1.075  -0.00171
    30000.     1.125  -0.00179
    30000.     1.300  -0.00202
    30000.     1.500  -0.00222
    30000.     1.700  -0.00236
    30000.     1.900  -0.00247
    30000.     2.000  -0.00252
    35000.     0.200   0.00296
    35000.     0.400   0.00093
    35000.     0.600  -0.00010
    35000.     0.800  -0.00076
    35000.     0.850  -0.00089
    35000.     0.875  -0.00095
    35000.     0.900  -0.00101
    35000.     0.925  -0.00107
    35000.     0.950  -0.00112
    35000.     0.975  -0.00117
    35000.     1.025  -0.00127
    35000.     1.075  -0.00136
    35000.     1.125  -0.00145
    35000.     1.300  -0.00169
    35000.     1.500  -0.00191
    35000.     1.700  -0.00207
    35000.     1.900  -0.00220
    35000.     2.000  -0.00225
    40000.     0.200   0.00370
    40000.     0.400   0.00155
    40000.     0.600   0.00046
    40000.     0.800  -0.00025
    40000.     0.850  -0.00039
    40000.     0.875  -0.00045
    40000.     0.900  -0.00052
    40000.     0.925  -0.00058
    40000.     0.950  -0.00063
    40000.     0.975  -0.00069
    40000.     1.025  -0.00080
    40000.     1.075  -0.00089
    40000.     1.125  -0.00099
    40000.     1.300  -0.00126
    40000.     1.500  -0.00150
    40000.     1.700  -0.00168
    40000.     1.900  -0.00183
    40000.     2.000  -0.00189
    45000.     0.200   0.00453
    45000.     0.400   0.00225
    45000.     0.600   0.00109
    45000.     0.800   0.00033
    45000.     0.850   0.00018
    45000.     0.875   0.00011
    45000.     0.900   0.00004
    45000.     0.925  -0.00002
    45000.     0.950  -0.00009
    45000.     0.975  -0.00015
    45000.     1.025  -0.00026
    45000.     1.075  -0.00037
    45000.     1.125  -0.00047
    45000.     1.300  -0.00077
    45000.     1.500  -0.00104
    45000.     1.700  -0.00125
    45000.     1.900  -0.00142
    45000.     2.000  -0.00149
    50000.     0.200   0.00542
    50000.     0.400   0.00299
    50000.     0.600   0.00175
    50000.     0.800   0.00094
    50000.     0.850   0.00078
    50000.     0.875   0.00071
    50000.     0.900   0.00063
    50000.     0.925   0.00056
    50000.     0.950   0.00049
    50000.     0.975   0.00043
    50000.     1.025   0.00030
    50000.     1.075   0.00019
    50000.     1.125   0.00008
    50000.     1.300  -0.00025
    50000.     1.500  -0.00055
    50000.     1.700  -0.00079
    50000.     1.900  -0.00098
    50000.     2.000  -0.00107
    55000.     0.200   0.00637
    55000.     0.400   0.00378
    55000.     0.600   0.00245
    55000.     0.800   0.00159
    55000.     0.850   0.00141
    55000.     0.875   0.00133
    55000.     0.900   0.00125
    55000.     0.925   0.00118
    55000.     0.950   0.00110
    55000.     0.975   0.00103
    55000.     1.025   0.00090
    55000.     1.075   0.00077
    55000.     1.125   0.00066
    55000.     1.300   0.00030
    55000.     1.500  -0.00003
    55000.     1.700  -0.00030
    55000.     1.900  -0.00052
    55000.     2.000  -0.00061
    60000.     0.200   0.00737
    60000.     0.400   0.00461
    60000.     0.600   0.00320
    60000.     0.800   0.00227
    60000.     0.850   0.00209
    60000.     0.875   0.00200
    60000.     0.900   0.00191
    60000.     0.925   0.00183
    60000.     0.950   0.00175
    60000.     0.975   0.00168
    60000.     1.025   0.00153
    60000.     1.075   0.00140
    60000.     1.125   0.00127
    60000.     1.300   0.00088
    60000.     1.500   0.00051
    60000.     1.700   0.00022
    60000.     1.900  -0.00003
    60000.     2.000  -0.00013
    65000.     0.200   0.00845
    65000.     0.400   0.00550
    65000.     0.600   0.00399
    65000.     0.800   0.00300
    65000.     0.850   0.00280
    65000.     0.875   0.00271
    65000.     0.900   0.00261
    65000.     0.925   0.00252
    65000.     0.950   0.00244
    65000.     0.975   0.00236
    65000.     1.025   0.00220
    65000.     1.075   0.00206
    65000.     1.125   0.00192
    65000.     1.300   0.00149
    65000.     1.500   0.00109
    65000.     1.700   0.00077
    65000.     1.900   0.00050
    65000.     2.000   0.00038
    70000.     0.200   0.00964
    70000.     0.400   0.00647
    70000.     0.600   0.00486
    70000.     0.800   0.00380
    70000.     0.850   0.00358
    70000.     0.875   0.00348
    70000.     0.900   0.00338
    70000.     0.925   0.00329
    70000.     0.950   0.00320
    70000.     0.975   0.00311
    70000.     1.025   0.00294
    70000.     1.075   0.00278
    70000.     1.125   0.00263
    70000.     1.300   0.00217
    70000.     1.500   0.00173
    70000.     1.700   0.00137
    70000.     1.900   0.00107
    70000.     2.000   0.00094
    75000.     0.200   0.01092
    75000.     0.400   0.00752
    75000.     0.600   0.00579
    75000.     0.800   0.00465
    75000.     0.850   0.00441
    75000.     0.875   0.00431
    75000.     0.900   0.00420
    75000.     0.925   0.00410
    75000.     0.950   0.00400
    75000.     0.975   0.00390
    75000.     1.025   0.00372
    75000.     1.075   0.00355
    75000.     1.125   0.00339
    75000.     1.300   0.00289
    75000.     1.500   0.00241
    75000.     1.700   0.00202
    75000.     1.900   0.00169
    75000.     2.000   0.00154
    80000.     0.200   0.01229
    80000.     0.400   0.00863
    80000.     0.600   0.00677
    80000.     0.800   0.00555
    80000.     0.850   0.00530
    80000.     0.875   0.00518
    80000.     0.900   0.00507
    80000.     0.925   0.00496
    80000.     0.950   0.00485
    80000.     0.975   0.00475
    80000.     1.025   0.00455
    80000.     1.075   0.00437
    80000.     1.125   0.00419
    80000.     1.300   0.00365
    80000.     1.500   0.00314
    80000.     1.700   0.00271
    80000.     1.900   0.00235
    80000.     2.000   0.00218
    85000.     0.200   0.01375
    85000.     0.400   0.00982
    85000.     0.600   0.00782
    85000.     0.800   0.00651
    85000.     0.850   0.00624
    85000.     0.875   0.00612
    85000.     0.900   0.00599
    85000.     0.925   0.00587
    85000.     0.950   0.00576
    85000.     0.975   0.00565
    85000.     1.025   0.00544
    85000.     1.075   0.00524
    85000.     1.125   0.00505
    85000.     1.300   0.00446
    85000.     1.500   0.00391
    85000.     1.700   0.00344
    85000.     1.900   0.00305
    85000.     2.000   0.00287
 *
 * DRAG POLARS (@ REFERENCE CONDITIONS)
 *
 *MACH         ALPHA        CL        CD
 0.200        0.0000    0.0000    0.0168
 0.200        0.6974    0.0500    0.0168
 0.200        1.3948    0.1000    0.0176
 0.200        2.0921    0.1500    0.0188
 0.200        2.7895    0.2000    0.0206
 0.200        3.4869    0.2500    0.0227
 0.200        4.1843    0.3000    0.0258
 0.200        4.8817    0.3500    0.0293
 0.200        5.5790    0.4000    0.0342
 0.200        6.2764    0.4500    0.0410
 0.200        6.9738    0.5000    0.0498
 0.200        7.6712    0.5500    0.0591
 0.200        8.3685    0.6000    0.0728
 0.200        9.0659    0.6500    0.0877
 0.200        9.7633    0.7000    0.1031
 0.400        0.0000    0.0000    0.0167
 0.400        0.6795    0.0500    0.0167
 0.400        1.3590    0.1000    0.0175
 0.400        2.0384    0.1500    0.0187
 0.400        2.7179    0.2000    0.0204
 0.400        3.3974    0.2500    0.0226
 0.400        4.0769    0.3000    0.0257
 0.400        4.7564    0.3500    0.0292
 0.400        5.4358    0.4000    0.0341
 0.400        6.1153    0.4500    0.0409
 0.400        6.7948    0.5000    0.0496
 0.400        7.4743    0.5500    0.0590
 0.400        8.1538    0.6000    0.0727
 0.400        8.8332    0.6500    0.0876
 0.400        9.5127    0.7000    0.1030
 0.600        0.0000    0.0000    0.0165
 0.600        0.6479    0.0500    0.0165
 0.600        1.2958    0.1000    0.0173
 0.600        1.9437    0.1500    0.0185
 0.600        2.5915    0.2000    0.0202
 0.600        3.2394    0.2500    0.0224
 0.600        3.8873    0.3000    0.0255
 0.600        4.5352    0.3500    0.0290
 0.600        5.1831    0.4000    0.0339
 0.600        5.8310    0.4500    0.0407
 0.600        6.4789    0.5000    0.0494
 0.600        7.1268    0.5500    0.0588
 0.600        7.7746    0.6000    0.0725
 0.600        8.4225    0.6500    0.0873
 0.600        9.0704    0.7000    0.1028
 0.800        0.0000    0.0000    0.0163
 0.800        0.5990    0.0500    0.0163
 0.800        1.1979    0.1000    0.0171
 0.800        1.7969    0.1500    0.0184
 0.800        2.3958    0.2000    0.0202
 0.800        2.9948    0.2500    0.0224
 0.800        3.5937    0.3000    0.0253
 0.800        4.1927    0.3500    0.0289
 0.800        4.7917    0.4000    0.0338
 0.800        5.3906    0.4500    0.0406
 0.800        5.9896    0.5000    0.0493
 0.800        6.5885    0.5500    0.0587
 0.800        7.1875    0.6000    0.0723
 0.800        7.7864    0.6500    0.0872
 0.800        8.3854    0.7000    0.1026
 0.850        0.0000    0.0000    0.0166
 0.850        0.5832    0.0500    0.0166
 0.850        1.1664    0.1000    0.0174
 0.850        1.7496    0.1500    0.0187
 0.850        2.3328    0.2000    0.0205
 0.850        2.9160    0.2500    0.0227
 0.850        3.4992    0.3000    0.0256
 0.850        4.0824    0.3500    0.0290
 0.850        4.6656    0.4000    0.0341
 0.850        5.2488    0.4500    0.0409
 0.850        5.8320    0.5000    0.0496
 0.850        6.4152    0.5500    0.0589
 0.850        6.9983    0.6000    0.0725
 0.850        7.5815    0.6500    0.0874
 0.850        8.1647    0.7000    0.1027
 0.875        0.0000    0.0000    0.0169
 0.875        0.5778    0.0500    0.0168
 0.875        1.1556    0.1000    0.0177
 0.875        1.7334    0.1500    0.0190
 0.875        2.3112    0.2000    0.0208
 0.875        2.8890    0.2500    0.0231
 0.875        3.4668    0.3000    0.0260
 0.875        4.0447    0.3500    0.0294
 0.875        4.6225    0.4000    0.0347
 0.875        5.2003    0.4500    0.0415
 0.875        5.7781    0.5000    0.0502
 0.875        6.3559    0.5500    0.0594
 0.875        6.9337    0.6000    0.0731
 0.875        7.5115    0.6500    0.0879
 0.875        8.0893    0.7000    0.1032
 0.900        0.0000    0.0000    0.0174
 0.900        0.5778    0.0500    0.0173
 0.900        1.1556    0.1000    0.0182
 0.900        1.7334    0.1500    0.0195
 0.900        2.3112    0.2000    0.0214
 0.900        2.8890    0.2500    0.0238
 0.900        3.4668    0.3000    0.0267
 0.900        4.0447    0.3500    0.0306
 0.900        4.6225    0.4000    0.0361
 0.900        5.2003    0.4500    0.0429
 0.900        5.7781    0.5000    0.0516
 0.900        6.3559    0.5500    0.0610
 0.900        6.9337    0.6000    0.0747
 0.900        7.5115    0.6500    0.0897
 0.900        8.0893    0.7000    0.1050
 0.925        0.0000    0.0000    0.0184
 0.925        0.5778    0.0500    0.0183
 0.925        1.1556    0.1000    0.0192
 0.925        1.7334    0.1500    0.0205
 0.925        2.3112    0.2000    0.0225
 0.925        2.8890    0.2500    0.0250
 0.925        3.4668    0.3000    0.0282
 0.925        4.0447    0.3500    0.0326
 0.925        4.6225    0.4000    0.0382
 0.925        5.2003    0.4500    0.0451
 0.925        5.7781    0.5000    0.0541
 0.925        6.3559    0.5500    0.0637
 0.925        6.9337    0.6000    0.0774
 0.925        7.5115    0.6500    0.0923
 0.925        8.0893    0.7000    0.1079
 0.950        0.0000    0.0000    0.0210
 0.950        0.5778    0.0500    0.0208
 0.950        1.1556    0.1000    0.0218
 0.950        1.7334    0.1500    0.0233
 0.950        2.3112    0.2000    0.0253
 0.950        2.8890    0.2500    0.0277
 0.950        3.4668    0.3000    0.0315
 0.950        4.0447    0.3500    0.0363
 0.950        4.6225    0.4000    0.0425
 0.950        5.2003    0.4500    0.0496
 0.950        5.7781    0.5000    0.0589
 0.950        6.3559    0.5500    0.0688
 0.950        6.9337    0.6000    0.0824
 0.950        7.5115    0.6500    0.0974
 0.950        8.0893    0.7000    0.1134
 0.975        0.0000    0.0000    0.0301
 0.975        0.5778    0.0500    0.0296
 0.975        1.1556    0.1000    0.0307
 0.975        1.7334    0.1500    0.0324
 0.975        2.3112    0.2000    0.0345
 0.975        2.8890    0.2500    0.0370
 0.975        3.4668    0.3000    0.0414
 0.975        4.0447    0.3500    0.0476
 0.975        4.6225    0.4000    0.0545
 0.975        5.2003    0.4500    0.0619
 0.975        5.7781    0.5000    0.0712
 0.975        6.3559    0.5500    0.0811
 0.975        6.9337    0.6000    0.0948
 0.975        7.5115    0.6500    0.1099
 0.975        8.0893    0.7000    0.1260
 1.025        0.0000    0.0000    0.0322
 1.025        0.5778    0.0500    0.0326
 1.025        1.1556    0.1000    0.0338
 1.025        1.7334    0.1500    0.0355
 1.025        2.3112    0.2000    0.0383
 1.025        2.8890    0.2500    0.0416
 1.025        3.4668    0.3000    0.0453
 1.025        4.0447    0.3500    0.0506
 1.025        4.6225    0.4000    0.0570
 1.025        5.2003    0.4500    0.0642
 1.025        5.7781    0.5000    0.0723
 1.025        6.3559    0.5500    0.0808
 1.025        6.9337    0.6000    0.0934
 1.025        7.5115    0.6500    0.1071
 1.025        8.0893    0.7000    0.1211
 1.075        0.0000    0.0000    0.0337
 1.075        0.5778    0.0500    0.0341
 1.075        1.1556    0.1000    0.0354
 1.075        1.7334    0.1500    0.0373
 1.075        2.3112    0.2000    0.0402
 1.075        2.8890    0.2500    0.0436
 1.075        3.4668    0.3000    0.0477
 1.075        4.0447    0.3500    0.0531
 1.075        4.6225    0.4000    0.0596
 1.075        5.2003    0.4500    0.0674
 1.075        5.7781    0.5000    0.0755
 1.075        6.3559    0.5500    0.0839
 1.075        6.9337    0.6000    0.0970
 1.075        7.5115    0.6500    0.1113
 1.075        8.0893    0.7000    0.1260
 1.125        0.0000    0.0000    0.0341
 1.125        0.5778    0.0500    0.0345
 1.125        1.1556    0.1000    0.0359
 1.125        1.7334    0.1500    0.0380
 1.125        2.3112    0.2000    0.0409
 1.125        2.8890    0.2500    0.0443
 1.125        3.4668    0.3000    0.0485
 1.125        4.0447    0.3500    0.0542
 1.125        4.6225    0.4000    0.0610
 1.125        5.2003    0.4500    0.0692
 1.125        5.7781    0.5000    0.0775
 1.125        6.3559    0.5500    0.0861
 1.125        6.9337    0.6000    0.1001
 1.125        7.5115    0.6500    0.1154
 1.125        8.0893    0.7000    0.1312
 1.300        0.0000    0.0000    0.0329
 1.300        0.3333    0.0500    0.0334
 1.300        0.6667    0.1000    0.0351
 1.300        1.0000    0.1500    0.0374
 1.300        1.3333    0.2000    0.0410
 1.300        1.6667    0.2500    0.0451
 1.300        2.0000    0.3000    0.0504
 1.300        2.3333    0.3500    0.0574
 1.300        2.6667    0.4000    0.0653
 1.300        3.0000    0.4500    0.0744
 1.300        3.3333    0.5000    0.0842
 1.300        3.6667    0.5500    0.0944
 1.300        4.0000    0.6000    0.1139
 1.300        4.3333    0.6500    0.1354
 1.300        4.6667    0.7000    0.1573
 1.500        0.0000    0.0000    0.0323
 1.500        0.4620    0.0500    0.0328
 1.500        0.9241    0.1000    0.0350
 1.500        1.3861    0.1500    0.0378
 1.500        1.8481    0.2000    0.0421
 1.500        2.3101    0.2500    0.0470
 1.500        2.7722    0.3000    0.0539
 1.500        3.2342    0.3500    0.0622
 1.500        3.6962    0.4000    0.0717
 1.500        4.1583    0.4500    0.0835
 1.500        4.6203    0.5000    0.0969
 1.500        5.0823    0.5500    0.1108
 1.500        5.5443    0.6000    0.1392
 1.500        6.0064    0.6500    0.1704
 1.500        6.4684    0.7000    0.2021
 1.700        0.0000    0.0000    0.0320
 1.700        0.6481    0.0500    0.0326
 1.700        1.2963    0.1000    0.0352
 1.700        1.9444    0.1500    0.0385
 1.700        2.5926    0.2000    0.0436
 1.700        3.2407    0.2500    0.0494
 1.700        3.8889    0.3000    0.0579
 1.700        4.5370    0.3500    0.0678
 1.700        5.1852    0.4000    0.0793
 1.700        5.8333    0.4500    0.0929
 1.700        6.4815    0.5000    0.1118
 1.700        7.1296    0.5500    0.1319
 1.700        7.7778    0.6000    0.1689
 1.700        8.4259    0.6500    0.2092
 1.700        9.0740    0.7000    0.2499
 1.900        0.0000    0.0000    0.0313
 1.900        0.8078    0.0500    0.0320
 1.900        1.6156    0.1000    0.0349
 1.900        2.4234    0.1500    0.0386
 1.900        3.2312    0.2000    0.0447
 1.900        4.0390    0.2500    0.0515
 1.900        4.8468    0.3000    0.0617
 1.900        5.6546    0.3500    0.0734
 1.900        6.4624    0.4000    0.0866
 1.900        7.2702    0.4500    0.1002
 1.900        8.0780    0.5000    0.1250
 1.900        8.8858    0.5500    0.1522
 1.900        9.6936    0.6000    0.1979
 1.900       10.5014    0.6500    0.2471
 1.900       11.3092    0.7000    0.2968
 2.000        0.0000    0.0000    0.0309
 2.000        0.8823    0.0500    0.0315
 2.000        1.7646    0.1000    0.0347
 2.000        2.6469    0.1500    0.0387
 2.000        3.5292    0.2000    0.0452
 2.000        4.4115    0.2500    0.0524
 2.000        5.2938    0.3000    0.0638
 2.000        6.1761    0.3500    0.0764
 2.000        7.0584    0.4000    0.0900
 2.000        7.9407    0.4500    0.1035
 2.000        8.8230    0.5000    0.1316
 2.000        9.7053    0.5500    0.1625
 2.000       10.5876    0.6000    0.2128
 2.000       11.4699    0.6500    0.2667
 2.000       12.3522    0.7000    0.3211
 *
 *    MACH       CDF       CDC BUFFET_CL
     0.200   0.01634   0.00003     0.720
     0.400   0.01617   0.00008     0.682
     0.600   0.01591   0.00013     0.597
     0.800   0.01557   0.00034     0.522
     0.850   0.01548   0.00066     0.514
     0.875   0.01543   0.00098     0.511
     0.900   0.01538   0.00153     0.508
     0.925   0.01533   0.00250     0.513
     0.950   0.01527   0.00505     0.521
     0.975   0.01522   0.01388     0.542
     1.025   0.01511   0.01696     0.610
     1.075   0.01500   0.01854
     1.125   0.01488   0.01901
     1.300   0.01446   0.01821
     1.500   0.01394   0.01807
     1.700   0.01341   0.01830
     1.900   0.01288   0.01810
     2.000   0.01261   0.01787
 *
 * INDUCED DRAG
 *  CL           CDI
 0.000        0.0000
 0.050        0.0002
 0.100        0.0009
 0.150        0.0019
 0.200        0.0034
 0.250        0.0053
 0.300        0.0077
 0.350        0.0105
 0.400        0.0137
 0.450        0.0173
 0.500        0.0213
 0.550        0.0258
 0.600        0.0307
 0.650        0.0361
 0.700        0.0418
 *
 * PRESSURE DRAG COEFFICIENTS...CDP
 *MACH            CL   DEL_CDP
 0.200        0.0000    0.0004
 0.200        0.0500    0.0002
 0.200        0.1000    0.0004
 0.200        0.1500    0.0006
 0.200        0.2000    0.0008
 0.200        0.2500    0.0010
 0.200        0.3000    0.0017
 0.200        0.3500    0.0025
 0.200        0.4000    0.0042
 0.200        0.4500    0.0074
 0.200        0.5000    0.0121
 0.200        0.5500    0.0169
 0.200        0.6000    0.0257
 0.200        0.6500    0.0352
 0.200        0.7000    0.0449
 0.400        0.0000    0.0004
 0.400        0.0500    0.0002
 0.400        0.1000    0.0004
 0.400        0.1500    0.0006
 0.400        0.2000    0.0008
 0.400        0.2500    0.0010
 0.400        0.3000    0.0017
 0.400        0.3500    0.0025
 0.400        0.4000    0.0042
 0.400        0.4500    0.0074
 0.400        0.5000    0.0121
 0.400        0.5500    0.0169
 0.400        0.6000    0.0257
 0.400        0.6500    0.0352
 0.400        0.7000    0.0449
 0.600        0.0000    0.0004
 0.600        0.0500    0.0002
 0.600        0.1000    0.0004
 0.600        0.1500    0.0006
 0.600        0.2000    0.0008
 0.600        0.2500    0.0010
 0.600        0.3000    0.0017
 0.600        0.3500    0.0025
 0.600        0.4000    0.0042
 0.600        0.4500    0.0074
 0.600        0.5000    0.0121
 0.600        0.5500    0.0169
 0.600        0.6000    0.0257
 0.600        0.6500    0.0352
 0.600        0.7000    0.0449
 0.800        0.0000    0.0004
 0.800        0.0500    0.0002
 0.800        0.1000    0.0004
 0.800        0.1500    0.0006
 0.800        0.2000    0.0008
 0.800        0.2500    0.0011
 0.800        0.3000    0.0017
 0.800        0.3500    0.0025
 0.800        0.4000    0.0042
 0.800        0.4500    0.0074
 0.800        0.5000    0.0121
 0.800        0.5500    0.0169
 0.800        0.6000    0.0257
 0.800        0.6500    0.0352
 0.800        0.7000    0.0449
 0.850        0.0000    0.0004
 0.850        0.0500    0.0002
 0.850        0.1000    0.0004
 0.850        0.1500    0.0006
 0.850        0.2000    0.0009
 0.850        0.2500    0.0012
 0.850        0.3000    0.0018
 0.850        0.3500    0.0024
 0.850        0.4000    0.0043
 0.850        0.4500    0.0075
 0.850        0.5000    0.0121
 0.850        0.5500    0.0170
 0.850        0.6000    0.0257
 0.850        0.6500    0.0352
 0.850        0.7000    0.0447
 0.875        0.0000    0.0005
 0.875        0.0500    0.0002
 0.875        0.1000    0.0004
 0.875        0.1500    0.0006
 0.875        0.2000    0.0010
 0.875        0.2500    0.0014
 0.875        0.3000    0.0019
 0.875        0.3500    0.0026
 0.875        0.4000    0.0047
 0.875        0.4500    0.0079
 0.875        0.5000    0.0124
 0.875        0.5500    0.0172
 0.875        0.6000    0.0259
 0.875        0.6500    0.0354
 0.875        0.7000    0.0450
 0.900        0.0000    0.0005
 0.900        0.0500    0.0002
 0.900        0.1000    0.0004
 0.900        0.1500    0.0007
 0.900        0.2000    0.0011
 0.900        0.2500    0.0016
 0.900        0.3000    0.0021
 0.900        0.3500    0.0032
 0.900        0.4000    0.0056
 0.900        0.4500    0.0087
 0.900        0.5000    0.0134
 0.900        0.5500    0.0183
 0.900        0.6000    0.0271
 0.900        0.6500    0.0367
 0.900        0.7000    0.0463
 0.925        0.0000    0.0005
 0.925        0.0500    0.0002
 0.925        0.1000    0.0005
 0.925        0.1500    0.0008
 0.925        0.2000    0.0013
 0.925        0.2500    0.0018
 0.925        0.3000    0.0027
 0.925        0.3500    0.0043
 0.925        0.4000    0.0067
 0.925        0.4500    0.0100
 0.925        0.5000    0.0150
 0.925        0.5500    0.0200
 0.925        0.6000    0.0288
 0.925        0.6500    0.0384
 0.925        0.7000    0.0482
 0.950        0.0000    0.0007
 0.950        0.0500    0.0003
 0.950        0.1000    0.0006
 0.950        0.1500    0.0010
 0.950        0.2000    0.0015
 0.950        0.2500    0.0021
 0.950        0.3000    0.0035
 0.950        0.3500    0.0056
 0.950        0.4000    0.0086
 0.950        0.4500    0.0120
 0.950        0.5000    0.0172
 0.950        0.5500    0.0227
 0.950        0.6000    0.0314
 0.950        0.6500    0.0411
 0.950        0.7000    0.0512
 0.975        0.0000    0.0010
 0.975        0.0500    0.0003
 0.975        0.1000    0.0008
 0.975        0.1500    0.0014
 0.975        0.2000    0.0019
 0.975        0.2500    0.0025
 0.975        0.3000    0.0047
 0.975        0.3500    0.0081
 0.975        0.4000    0.0118
 0.975        0.4500    0.0156
 0.975        0.5000    0.0208
 0.975        0.5500    0.0262
 0.975        0.6000    0.0350
 0.975        0.6500    0.0448
 0.975        0.7000    0.0551
 1.025        0.0000    0.0001
 1.025        0.0500    0.0003
 1.025        0.1000    0.0009
 1.025        0.1500    0.0015
 1.025        0.2000    0.0028
 1.025        0.2500    0.0042
 1.025        0.3000    0.0056
 1.025        0.3500    0.0081
 1.025        0.4000    0.0113
 1.025        0.4500    0.0148
 1.025        0.5000    0.0189
 1.025        0.5500    0.0230
 1.025        0.6000    0.0306
 1.025        0.6500    0.0389
 1.025        0.7000    0.0472
 1.075        0.0000    0.0002
 1.075        0.0500    0.0003
 1.075        0.1000    0.0011
 1.075        0.1500    0.0019
 1.075        0.2000    0.0032
 1.075        0.2500    0.0047
 1.075        0.3000    0.0064
 1.075        0.3500    0.0091
 1.075        0.4000    0.0124
 1.075        0.4500    0.0166
 1.075        0.5000    0.0206
 1.075        0.5500    0.0245
 1.075        0.6000    0.0327
 1.075        0.6500    0.0417
 1.075        0.7000    0.0506
 1.125        0.0000    0.0002
 1.125        0.0500    0.0004
 1.125        0.1000    0.0012
 1.125        0.1500    0.0022
 1.125        0.2000    0.0036
 1.125        0.2500    0.0051
 1.125        0.3000    0.0070
 1.125        0.3500    0.0099
 1.125        0.4000    0.0135
 1.125        0.4500    0.0180
 1.125        0.5000    0.0223
 1.125        0.5500    0.0264
 1.125        0.6000    0.0355
 1.125        0.6500    0.0455
 1.125        0.7000    0.0555
 1.300        0.0000    0.0002
 1.300        0.0500    0.0005
 1.300        0.1000    0.0016
 1.300        0.1500    0.0028
 1.300        0.2000    0.0049
 1.300        0.2500    0.0071
 1.300        0.3000    0.0100
 1.300        0.3500    0.0142
 1.300        0.4000    0.0190
 1.300        0.4500    0.0245
 1.300        0.5000    0.0302
 1.300        0.5500    0.0359
 1.300        0.6000    0.0505
 1.300        0.6500    0.0667
 1.300        0.7000    0.0828
 1.500        0.0000    0.0003
 1.500        0.0500    0.0006
 1.500        0.1000    0.0021
 1.500        0.1500    0.0039
 1.500        0.2000    0.0067
 1.500        0.2500    0.0096
 1.500        0.3000    0.0142
 1.500        0.3500    0.0197
 1.500        0.4000    0.0261
 1.500        0.4500    0.0342
 1.500        0.5000    0.0435
 1.500        0.5500    0.0530
 1.500        0.6000    0.0765
 1.500        0.6500    0.1024
 1.500        0.7000    0.1283
 1.700        0.0000    0.0003
 1.700        0.0500    0.0007
 1.700        0.1000    0.0026
 1.700        0.1500    0.0049
 1.700        0.2000    0.0085
 1.700        0.2500    0.0124
 1.700        0.3000    0.0185
 1.700        0.3500    0.0256
 1.700        0.4000    0.0339
 1.700        0.4500    0.0439
 1.700        0.5000    0.0587
 1.700        0.5500    0.0743
 1.700        0.6000    0.1064
 1.700        0.6500    0.1414
 1.700        0.7000    0.1764
 1.900        0.0000    0.0004
 1.900        0.0500    0.0008
 1.900        0.1000    0.0031
 1.900        0.1500    0.0057
 1.900        0.2000    0.0103
 1.900        0.2500    0.0152
 1.900        0.3000    0.0231
 1.900        0.3500    0.0320
 1.900        0.4000    0.0419
 1.900        0.4500    0.0519
 1.900        0.5000    0.0727
 1.900        0.5500    0.0954
 1.900        0.6000    0.1362
 1.900        0.6500    0.1801
 1.900        0.7000    0.2240
 2.000        0.0000    0.0004
 2.000        0.0500    0.0008
 2.000        0.1000    0.0034
 2.000        0.1500    0.0063
 2.000        0.2000    0.0113
 2.000        0.2500    0.0166
 2.000        0.3000    0.0257
 2.000        0.3500    0.0355
 2.000        0.4000    0.0459
 2.000        0.4500    0.0558
 2.000        0.5000    0.0798
 2.000        0.5500    0.1062
 2.000        0.6000    0.1516
 2.000        0.6500    0.2002
 2.000        0.7000    0.2488
 *
 * ZERO-LIFT DRAG
 *MACH           CDF       CDC       CDO
 0.200        0.0163    0.0000    0.0164
 0.400        0.0162    0.0001    0.0162
 0.600        0.0159    0.0001    0.0160
 0.800        0.0156    0.0003    0.0159
 0.850        0.0155    0.0007    0.0161
 0.875        0.0154    0.0010    0.0164
 0.900        0.0154    0.0015    0.0169
 0.925        0.0153    0.0025    0.0178
 0.950        0.0153    0.0050    0.0203
 0.975        0.0152    0.0139    0.0291
 1.025        0.0151    0.0170    0.0321
 1.075        0.0150    0.0185    0.0335
 1.125        0.0149    0.0190    0.0339
 1.300        0.0145    0.0182    0.0327
 1.500        0.0139    0.0181    0.0320
 1.700        0.0134    0.0183    0.0317
 1.900        0.0129    0.0181    0.0310
 2.000        0.0126    0.0179    0.0305
 *END
