 * DELTA METHOD FOR DRAG ESTIMATION
 *
 * INPUT FILE ECHO
 *
 * PARSED INPUTS
 *
 * WING GEOMETRY
 *   S_REF        AR       TC% SW25(deg)    TAPER%
   1134.52      9.16      9.00     25.00     24.00
 *WINGSPAN       MAC
    101.94     11.13
 *   S_WET   CAMBER%    AITEK    UP_LAM%   LW_LAM%    DELCD0
   1956.90      1.50        1.      0.00      0.00    0.0000
 *
 * FUSELAGE GEOMETRY
 *   S_WET     S_LEN  BODY_L/D     SBASE    DELCD0
   2816.83    101.75      8.66      1.00    0.0000
 *XAREASPI  1+SB/SPI  FUSE_D/B
    108.42      1.01      0.12
 *
 * CRUDFACTOR (EDET CR USES = 0.284)
    0.3500
 *
 * REFERENCE CONDITIONS
 * REF_ALT  REF_MACH REF_REMAC
  23000.00      0.60 23995412.
 *
 * EXTRA COMPONENTS
 *
 * COMPONENT         S_WET       LEN     TC/FR DELTA_CD0
 V-TAIL             640.83     15.12      0.09    0.0000
 H-TAIL             857.83      9.80      0.14    0.0000
 NACELLES/PYLONS    414.00     18.28      3.45    0.0000
 FLAP_TRACKS         72.12      9.32      0.02    0.0000
 *
 *
 * **************************************************
 *
 * EDET RESULTS
 *
 * WING DESIGN CONDITIONS
 *DES_MACH    DES_CL
    0.7587    0.5913
 *
 * POST-STALL LONGITUDINAL STABILITY ESTIMATE
 * (TAKAHASHI EDET2013a, NACA TN 1093)
 * CRIT_AR   PITCH_BREAK
      5.81      UNSTABLE
 *
 * CD0 BUILD-UP

 *   MACH          ALTITUDE     REFERENCE_AREA     TECHNOLOGY LEVEL
     0.60         23000. FT      1134.52 SQ_FT         CONVENTIONAL
 * 
 * COMPONENT               SWET     LENGTH   FINENESS       FORM       RN         CF        CDF
                          SQ_FT         FT      RATIO     FACTOR MILLIONS
 WING                   1956.90      11.13     0.0900      1.309     24.0    0.00249    0.00561
 FUSELAGE               2816.83     101.75     8.6600      1.147    219.4    0.00181    0.00515
  V-TAIL                 640.83      15.12     0.0890      1.305     32.6    0.00237    0.00175
  H-TAIL                 857.83       9.80     0.1410      1.495     21.1    0.00254    0.00287
  NACELLES/PYLONS        414.00      18.28     3.4540      1.949     39.4    0.00231    0.00164
  FLAP_TRACKS             72.12       9.32     0.0200      1.062     20.1    0.00256    0.00017
 DELTA WING                                                                             0.00000
 DELTA FUSELAGE                                                                         0.00000
 DELTA  V-TAIL                                                                          0.00000
 DELTA  H-TAIL                                                                          0.00000
 DELTA  NACELLES/PYLONS                                                                 0.00000
 DELTA  FLAP_TRACKS                                                                     0.00000
 MISC/EXCRESENCE                                                                        0.00602

 TOTAL                  6758.51                                              0.00390    0.02321
 *     NUMCL
          15
 *   NUMMACH
          11
 *      NALT
          18
 *
 * CHANGE IN DRAG COEFFICIENT FROM REF ALT & MACH
 * ALTITUDE     MACH  DELTA_CD
        0.     0.200   0.00154
        0.     0.300   0.00004
        0.     0.400  -0.00094
        0.     0.500  -0.00165
        0.     0.600  -0.00219
        0.     0.700  -0.00262
        0.     0.725  -0.00272
        0.     0.750  -0.00281
        0.     0.775  -0.00290
        0.     0.800  -0.00298
        0.     0.825  -0.00305
     5000.     0.200   0.00209
     5000.     0.300   0.00054
     5000.     0.400  -0.00047
     5000.     0.500  -0.00121
     5000.     0.600  -0.00177
     5000.     0.700  -0.00222
     5000.     0.725  -0.00232
     5000.     0.750  -0.00241
     5000.     0.775  -0.00250
     5000.     0.800  -0.00258
     5000.     0.825  -0.00267
    10000.     0.200   0.00267
    10000.     0.300   0.00107
    10000.     0.400   0.00002
    10000.     0.500  -0.00074
    10000.     0.600  -0.00132
    10000.     0.700  -0.00179
    10000.     0.725  -0.00189
    10000.     0.750  -0.00199
    10000.     0.775  -0.00208
    10000.     0.800  -0.00217
    10000.     0.825  -0.00225
    15000.     0.200   0.00329
    15000.     0.300   0.00164
    15000.     0.400   0.00055
    15000.     0.500  -0.00023
    15000.     0.600  -0.00084
    15000.     0.700  -0.00133
    15000.     0.725  -0.00143
    15000.     0.750  -0.00153
    15000.     0.775  -0.00163
    15000.     0.800  -0.00172
    15000.     0.825  -0.00181
    20000.     0.200   0.00396
    20000.     0.300   0.00224
    20000.     0.400   0.00112
    20000.     0.500   0.00030
    20000.     0.600  -0.00033
    20000.     0.700  -0.00083
    20000.     0.725  -0.00095
    20000.     0.750  -0.00105
    20000.     0.775  -0.00115
    20000.     0.800  -0.00125
    20000.     0.825  -0.00134
    25000.     0.200   0.00468
    25000.     0.300   0.00289
    25000.     0.400   0.00173
    25000.     0.500   0.00088
    25000.     0.600   0.00023
    25000.     0.700  -0.00030
    25000.     0.725  -0.00042
    25000.     0.750  -0.00053
    25000.     0.775  -0.00064
    25000.     0.800  -0.00074
    25000.     0.825  -0.00084
    30000.     0.200   0.00545
    30000.     0.300   0.00360
    30000.     0.400   0.00239
    30000.     0.500   0.00150
    30000.     0.600   0.00082
    30000.     0.700   0.00027
    30000.     0.725   0.00014
    30000.     0.750   0.00003
    30000.     0.775  -0.00009
    30000.     0.800  -0.00019
    30000.     0.825  -0.00029
    35000.     0.200   0.00629
    35000.     0.300   0.00436
    35000.     0.400   0.00309
    35000.     0.500   0.00217
    35000.     0.600   0.00146
    35000.     0.700   0.00088
    35000.     0.725   0.00075
    35000.     0.750   0.00063
    35000.     0.775   0.00051
    35000.     0.800   0.00040
    35000.     0.825   0.00029
    40000.     0.200   0.00744
    40000.     0.300   0.00540
    40000.     0.400   0.00407
    40000.     0.500   0.00309
    40000.     0.600   0.00233
    40000.     0.700   0.00172
    40000.     0.725   0.00158
    40000.     0.750   0.00145
    40000.     0.775   0.00133
    40000.     0.800   0.00121
    40000.     0.825   0.00109
    45000.     0.200   0.00875
    45000.     0.300   0.00658
    45000.     0.400   0.00516
    45000.     0.500   0.00412
    45000.     0.600   0.00332
    45000.     0.700   0.00266
    45000.     0.725   0.00251
    45000.     0.750   0.00237
    45000.     0.775   0.00224
    45000.     0.800   0.00211
    45000.     0.825   0.00199
    50000.     0.200   0.01014
    50000.     0.300   0.00783
    50000.     0.400   0.00632
    50000.     0.500   0.00521
    50000.     0.600   0.00435
    50000.     0.700   0.00365
    50000.     0.725   0.00350
    50000.     0.750   0.00335
    50000.     0.775   0.00320
    50000.     0.800   0.00307
    50000.     0.825   0.00294
    55000.     0.200   0.01162
    55000.     0.300   0.00916
    55000.     0.400   0.00755
    55000.     0.500   0.00637
    55000.     0.600   0.00545
    55000.     0.700   0.00471
    55000.     0.725   0.00454
    55000.     0.750   0.00438
    55000.     0.775   0.00423
    55000.     0.800   0.00408
    55000.     0.825   0.00394
    60000.     0.200   0.01320
    60000.     0.300   0.01057
    60000.     0.400   0.00885
    60000.     0.500   0.00760
    60000.     0.600   0.00662
    60000.     0.700   0.00582
    60000.     0.725   0.00564
    60000.     0.750   0.00547
    60000.     0.775   0.00531
    60000.     0.800   0.00515
    60000.     0.825   0.00500
    65000.     0.200   0.01489
    65000.     0.300   0.01207
    65000.     0.400   0.01024
    65000.     0.500   0.00891
    65000.     0.600   0.00786
    65000.     0.700   0.00701
    65000.     0.725   0.00682
    65000.     0.750   0.00663
    65000.     0.775   0.00646
    65000.     0.800   0.00629
    65000.     0.825   0.00613
    70000.     0.200   0.01676
    70000.     0.300   0.01374
    70000.     0.400   0.01177
    70000.     0.500   0.01034
    70000.     0.600   0.00922
    70000.     0.700   0.00831
    70000.     0.725   0.00810
    70000.     0.750   0.00791
    70000.     0.775   0.00772
    70000.     0.800   0.00754
    70000.     0.825   0.00736
    75000.     0.200   0.01876
    75000.     0.300   0.01552
    75000.     0.400   0.01341
    75000.     0.500   0.01188
    75000.     0.600   0.01068
    75000.     0.700   0.00970
    75000.     0.725   0.00948
    75000.     0.750   0.00927
    75000.     0.775   0.00907
    75000.     0.800   0.00887
    75000.     0.825   0.00868
    80000.     0.200   0.02091
    80000.     0.300   0.01742
    80000.     0.400   0.01516
    80000.     0.500   0.01351
    80000.     0.600   0.01222
    80000.     0.700   0.01117
    80000.     0.725   0.01094
    80000.     0.750   0.01071
    80000.     0.775   0.01049
    80000.     0.800   0.01029
    80000.     0.825   0.01008
    85000.     0.200   0.02320
    85000.     0.300   0.01944
    85000.     0.400   0.01702
    85000.     0.500   0.01525
    85000.     0.600   0.01387
    85000.     0.700   0.01274
    85000.     0.725   0.01249
    85000.     0.750   0.01225
    85000.     0.775   0.01201
    85000.     0.800   0.01179
    85000.     0.825   0.01157
 *
 * DRAG POLARS (@ REFERENCE CONDITIONS)
 *
 *MACH         ALPHA        CL        CD
 0.200        2.2027    0.2000    0.0258
 0.200        2.7533    0.2500    0.0264
 0.200        3.3040    0.3000    0.0273
 0.200        3.8547    0.3500    0.0286
 0.200        4.4053    0.4000    0.0301
 0.200        4.9560    0.4500    0.0320
 0.200        5.5067    0.5000    0.0341
 0.200        6.0574    0.5500    0.0363
 0.200        6.6080    0.6000    0.0394
 0.200        7.1587    0.6500    0.0430
 0.200        7.7094    0.7000    0.0471
 0.200        8.2600    0.7500    0.0518
 0.200        8.8107    0.8000    0.0569
 0.200        9.3614    0.8500    0.0637
 0.200        9.9120    0.9000    0.0706
 0.300        2.1639    0.2000    0.0258
 0.300        2.7049    0.2500    0.0264
 0.300        3.2459    0.3000    0.0272
 0.300        3.7869    0.3500    0.0285
 0.300        4.3279    0.4000    0.0300
 0.300        4.8689    0.4500    0.0320
 0.300        5.4099    0.5000    0.0340
 0.300        5.9508    0.5500    0.0363
 0.300        6.4918    0.6000    0.0394
 0.300        7.0328    0.6500    0.0429
 0.300        7.5738    0.7000    0.0470
 0.300        8.1148    0.7500    0.0517
 0.300        8.6558    0.8000    0.0568
 0.300        9.1968    0.8500    0.0636
 0.300        9.7377    0.9000    0.0705
 0.400        2.1083    0.2000    0.0256
 0.400        2.6353    0.2500    0.0263
 0.400        3.1624    0.3000    0.0271
 0.400        3.6894    0.3500    0.0284
 0.400        4.2165    0.4000    0.0299
 0.400        4.7436    0.4500    0.0318
 0.400        5.2706    0.5000    0.0339
 0.400        5.7977    0.5500    0.0362
 0.400        6.3248    0.6000    0.0393
 0.400        6.8518    0.6500    0.0428
 0.400        7.3789    0.7000    0.0469
 0.400        7.9059    0.7500    0.0516
 0.400        8.4330    0.8000    0.0567
 0.400        8.9601    0.8500    0.0635
 0.400        9.4871    0.9000    0.0704
 0.500        2.0339    0.2000    0.0255
 0.500        2.5423    0.2500    0.0261
 0.500        3.0508    0.3000    0.0269
 0.500        3.5593    0.3500    0.0283
 0.500        4.0677    0.4000    0.0298
 0.500        4.5762    0.4500    0.0317
 0.500        5.0847    0.5000    0.0338
 0.500        5.5931    0.5500    0.0360
 0.500        6.1016    0.6000    0.0391
 0.500        6.6100    0.6500    0.0426
 0.500        7.1185    0.7000    0.0468
 0.500        7.6270    0.7500    0.0514
 0.500        8.1354    0.8000    0.0565
 0.500        8.6439    0.8500    0.0633
 0.500        9.1524    0.9000    0.0703
 0.600        1.9381    0.2000    0.0255
 0.600        2.4226    0.2500    0.0261
 0.600        2.9071    0.3000    0.0269
 0.600        3.3916    0.3500    0.0282
 0.600        3.8761    0.4000    0.0298
 0.600        4.3607    0.4500    0.0317
 0.600        4.8452    0.5000    0.0337
 0.600        5.3297    0.5500    0.0360
 0.600        5.8142    0.6000    0.0391
 0.600        6.2987    0.6500    0.0426
 0.600        6.7832    0.7000    0.0467
 0.600        7.2678    0.7500    0.0514
 0.600        7.7523    0.8000    0.0565
 0.600        8.2368    0.8500    0.0633
 0.600        8.7213    0.9000    0.0703
 0.700        1.8165    0.2000    0.0259
 0.700        2.2707    0.2500    0.0264
 0.700        2.7248    0.3000    0.0272
 0.700        3.1789    0.3500    0.0286
 0.700        3.6331    0.4000    0.0302
 0.700        4.0872    0.4500    0.0321
 0.700        4.5413    0.5000    0.0341
 0.700        4.9955    0.5500    0.0364
 0.700        5.4496    0.6000    0.0394
 0.700        5.9038    0.6500    0.0429
 0.700        6.3579    0.7000    0.0470
 0.700        6.8120    0.7500    0.0517
 0.700        7.2662    0.8000    0.0568
 0.700        7.7203    0.8500    0.0636
 0.700        8.1744    0.9000    0.0706
 0.725        1.7814    0.2000    0.0261
 0.725        2.2267    0.2500    0.0266
 0.725        2.6721    0.3000    0.0274
 0.725        3.1174    0.3500    0.0288
 0.725        3.5627    0.4000    0.0304
 0.725        4.0081    0.4500    0.0323
 0.725        4.4534    0.5000    0.0344
 0.725        4.8988    0.5500    0.0367
 0.725        5.3441    0.6000    0.0396
 0.725        5.7895    0.6500    0.0431
 0.725        6.2348    0.7000    0.0474
 0.725        6.6802    0.7500    0.0520
 0.725        7.1255    0.8000    0.0572
 0.725        7.5708    0.8500    0.0640
 0.725        8.0162    0.9000    0.0710
 0.750        1.7440    0.2000    0.0266
 0.750        2.1800    0.2500    0.0271
 0.750        2.6160    0.3000    0.0278
 0.750        3.0520    0.3500    0.0293
 0.750        3.4880    0.4000    0.0310
 0.750        3.9240    0.4500    0.0328
 0.750        4.3600    0.5000    0.0349
 0.750        4.7960    0.5500    0.0374
 0.750        5.2320    0.6000    0.0406
 0.750        5.6680    0.6500    0.0444
 0.750        6.1040    0.7000    0.0491
 0.750        6.5400    0.7500    0.0540
 0.750        6.9760    0.8000    0.0594
 0.750        7.4120    0.8500    0.0660
 0.750        7.8480    0.9000    0.0727
 0.775        1.7315    0.2000    0.0278
 0.775        2.1644    0.2500    0.0281
 0.775        2.5973    0.3000    0.0288
 0.775        3.0302    0.3500    0.0304
 0.775        3.4631    0.4000    0.0322
 0.775        3.8960    0.4500    0.0341
 0.775        4.3288    0.5000    0.0363
 0.775        4.7617    0.5500    0.0391
 0.775        5.1946    0.6000    0.0430
 0.775        5.6275    0.6500    0.0473
 0.775        6.0604    0.7000    0.0524
 0.775        6.4933    0.7500    0.0579
 0.775        6.9262    0.8000    0.0637
 0.775        7.3590    0.8500    0.0703
 0.775        7.7919    0.9000    0.0772
 0.800        1.7315    0.2000    0.0306
 0.800        2.1644    0.2500    0.0307
 0.800        2.5973    0.3000    0.0312
 0.800        3.0302    0.3500    0.0331
 0.800        3.4631    0.4000    0.0352
 0.800        3.8960    0.4500    0.0376
 0.800        4.3288    0.5000    0.0406
 0.800        4.7617    0.5500    0.0453
 0.800        5.1946    0.6000    0.0503
 0.800        5.6275    0.6500    0.0557
 0.800        6.0604    0.7000    0.0612
 0.800        6.4933    0.7500    0.0670
 0.800        6.9262    0.8000    0.0731
 0.800        7.3590    0.8500    0.0794
 0.800        7.7919    0.9000    0.0858
 0.825        1.7315    0.2000    0.0439
 0.825        2.1644    0.2500    0.0432
 0.825        2.5973    0.3000    0.0432
 0.825        3.0302    0.3500    0.0457
 0.825        3.4631    0.4000    0.0487
 0.825        3.8960    0.4500    0.0535
 0.825        4.3288    0.5000    0.0587
 0.825        4.7617    0.5500    0.0650
 0.825        5.1946    0.6000    0.0705
 0.825        5.6275    0.6500    0.0770
 0.825        6.0604    0.7000    0.0837
 0.825        6.4933    0.7500    0.0895
 0.825        6.9262    0.8000    0.0955
 0.825        7.3590    0.8500    0.1018
 0.825        7.7919    0.9000    0.1082
 *
 *    MACH       CDF       CDC BUFFET_CL
     0.200   0.02385   0.00007     1.200
     0.300   0.02374   0.00011     1.200
     0.400   0.02360   0.00014     1.200
     0.500   0.02342   0.00017     1.125
     0.600   0.02321   0.00035     1.003
     0.700   0.02297   0.00089     0.861
     0.725   0.02291   0.00114     0.820
     0.750   0.02284   0.00157     0.779
     0.775   0.02278   0.00256     0.726
     0.800   0.02271   0.00488     0.668
     0.825   0.02264   0.01687     0.601
 *
 * INDUCED DRAG
 *  CL           CDI
 0.200        0.0014
 0.250        0.0022
 0.300        0.0031
 0.350        0.0043
 0.400        0.0056
 0.450        0.0070
 0.500        0.0087
 0.550        0.0105
 0.600        0.0125
 0.650        0.0147
 0.700        0.0170
 0.750        0.0195
 0.800        0.0222
 0.850        0.0251
 0.900        0.0281
 *
 * PRESSURE DRAG COEFFICIENTS...CDP
 *MACH            CL   DEL_CDP
 0.200        0.2000    0.0005
 0.200        0.2500    0.0003
 0.200        0.3000    0.0002
 0.200        0.3500    0.0004
 0.200        0.4000    0.0006
 0.200        0.4500    0.0011
 0.200        0.5000    0.0015
 0.200        0.5500    0.0019
 0.200        0.6000    0.0030
 0.200        0.6500    0.0044
 0.200        0.7000    0.0062
 0.200        0.7500    0.0083
 0.200        0.8000    0.0107
 0.200        0.8500    0.0146
 0.200        0.9000    0.0186
 0.300        0.2000    0.0005
 0.300        0.2500    0.0003
 0.300        0.3000    0.0002
 0.300        0.3500    0.0004
 0.300        0.4000    0.0006
 0.300        0.4500    0.0011
 0.300        0.5000    0.0015
 0.300        0.5500    0.0019
 0.300        0.6000    0.0030
 0.300        0.6500    0.0044
 0.300        0.7000    0.0062
 0.300        0.7500    0.0083
 0.300        0.8000    0.0107
 0.300        0.8500    0.0146
 0.300        0.9000    0.0186
 0.400        0.2000    0.0005
 0.400        0.2500    0.0003
 0.400        0.3000    0.0002
 0.400        0.3500    0.0004
 0.400        0.4000    0.0006
 0.400        0.4500    0.0011
 0.400        0.5000    0.0015
 0.400        0.5500    0.0019
 0.400        0.6000    0.0030
 0.400        0.6500    0.0044
 0.400        0.7000    0.0062
 0.400        0.7500    0.0083
 0.400        0.8000    0.0107
 0.400        0.8500    0.0146
 0.400        0.9000    0.0186
 0.500        0.2000    0.0005
 0.500        0.2500    0.0003
 0.500        0.3000    0.0002
 0.500        0.3500    0.0004
 0.500        0.4000    0.0006
 0.500        0.4500    0.0011
 0.500        0.5000    0.0015
 0.500        0.5500    0.0019
 0.500        0.6000    0.0030
 0.500        0.6500    0.0044
 0.500        0.7000    0.0062
 0.500        0.7500    0.0083
 0.500        0.8000    0.0107
 0.500        0.8500    0.0146
 0.500        0.9000    0.0186
 0.600        0.2000    0.0005
 0.600        0.2500    0.0004
 0.600        0.3000    0.0002
 0.600        0.3500    0.0004
 0.600        0.4000    0.0006
 0.600        0.4500    0.0011
 0.600        0.5000    0.0015
 0.600        0.5500    0.0019
 0.600        0.6000    0.0030
 0.600        0.6500    0.0044
 0.600        0.7000    0.0062
 0.600        0.7500    0.0083
 0.600        0.8000    0.0107
 0.600        0.8500    0.0146
 0.600        0.9000    0.0186
 0.700        0.2000    0.0006
 0.700        0.2500    0.0004
 0.700        0.3000    0.0002
 0.700        0.3500    0.0005
 0.700        0.4000    0.0008
 0.700        0.4500    0.0012
 0.700        0.5000    0.0016
 0.700        0.5500    0.0021
 0.700        0.6000    0.0030
 0.700        0.6500    0.0043
 0.700        0.7000    0.0062
 0.700        0.7500    0.0083
 0.700        0.8000    0.0107
 0.700        0.8500    0.0146
 0.700        0.9000    0.0186
 0.725        0.2000    0.0007
 0.725        0.2500    0.0004
 0.725        0.3000    0.0002
 0.725        0.3500    0.0005
 0.725        0.4000    0.0008
 0.725        0.4500    0.0012
 0.725        0.5000    0.0016
 0.725        0.5500    0.0022
 0.725        0.6000    0.0031
 0.725        0.6500    0.0044
 0.725        0.7000    0.0063
 0.725        0.7500    0.0084
 0.725        0.8000    0.0109
 0.725        0.8500    0.0149
 0.725        0.9000    0.0188
 0.750        0.2000    0.0008
 0.750        0.2500    0.0005
 0.750        0.3000    0.0003
 0.750        0.3500    0.0006
 0.750        0.4000    0.0010
 0.750        0.4500    0.0014
 0.750        0.5000    0.0018
 0.750        0.5500    0.0024
 0.750        0.6000    0.0037
 0.750        0.6500    0.0053
 0.750        0.7000    0.0076
 0.750        0.7500    0.0101
 0.750        0.8000    0.0128
 0.750        0.8500    0.0165
 0.750        0.9000    0.0202
 0.775        0.2000    0.0011
 0.775        0.2500    0.0006
 0.775        0.3000    0.0003
 0.775        0.3500    0.0008
 0.775        0.4000    0.0013
 0.775        0.4500    0.0018
 0.775        0.5000    0.0023
 0.775        0.5500    0.0032
 0.775        0.6000    0.0052
 0.775        0.6500    0.0073
 0.775        0.7000    0.0100
 0.775        0.7500    0.0130
 0.775        0.8000    0.0161
 0.775        0.8500    0.0199
 0.775        0.9000    0.0237
 0.800        0.2000    0.0016
 0.800        0.2500    0.0009
 0.800        0.3000    0.0004
 0.800        0.3500    0.0012
 0.800        0.4000    0.0020
 0.800        0.4500    0.0030
 0.800        0.5000    0.0043
 0.800        0.5500    0.0072
 0.800        0.6000    0.0102
 0.800        0.6500    0.0134
 0.800        0.7000    0.0165
 0.800        0.7500    0.0199
 0.800        0.8000    0.0233
 0.800        0.8500    0.0267
 0.800        0.9000    0.0300
 0.825        0.2000    0.0030
 0.825        0.2500    0.0015
 0.825        0.3000    0.0005
 0.825        0.3500    0.0019
 0.825        0.4000    0.0036
 0.825        0.4500    0.0070
 0.825        0.5000    0.0105
 0.825        0.5500    0.0150
 0.825        0.6000    0.0185
 0.825        0.6500    0.0229
 0.825        0.7000    0.0271
 0.825        0.7500    0.0305
 0.825        0.8000    0.0338
 0.825        0.8500    0.0372
 0.825        0.9000    0.0405
 *
 * ZERO-LIFT DRAG
 *MACH           CDF       CDC       CDO
 0.200        0.0239    0.0001    0.0239
 0.300        0.0237    0.0001    0.0238
 0.400        0.0236    0.0001    0.0237
 0.500        0.0234    0.0002    0.0236
 0.600        0.0232    0.0003    0.0236
 0.700        0.0230    0.0009    0.0239
 0.725        0.0229    0.0011    0.0240
 0.750        0.0228    0.0016    0.0244
 0.775        0.0228    0.0026    0.0253
 0.800        0.0227    0.0049    0.0276
 0.825        0.0226    0.0169    0.0395
 *END
