 * DELTA METHOD FOR DRAG ESTIMATION
 *
 * INPUT FILE ECHO
 *
 * PARSED INPUTS
 *
 * WING GEOMETRY
 *   S_REF        AR       TC% SW25(deg)    TAPER%
    260.00      2.91      7.48     33.21     22.60
 *WINGSPAN       MAC
     27.51      9.45
 *   S_WET   CAMBER%    AITEK    UP_LAM%   LW_LAM%    DELCD0
    430.00      0.77        1.      0.00      0.00    0.0000
 *
 * FUSELAGE GEOMETRY
 *   S_WET     S_LEN  BODY_L/D     SBASE    DELCD0
    547.65     40.70      7.81      1.00    0.0010
 *XAREASPI  1+SB/SPI  FUSE_D/B
     21.33      1.05      0.19
 *
 * CRUDFACTOR (EDET CR USES = 0.284)
    0.2840
 *
 * REFERENCE CONDITIONS
 * REF_ALT  REF_MACH REF_REMAC
  36152.00      0.60 13057134.
 *
 * EXTRA COMPONENTS
 *
 * COMPONENT         S_WET       LEN     TC/FR DELTA_CD0
 Vtail               49.95      7.38      0.06    0.0000
 Htail               84.40      4.66      0.06    0.0000
 *
 *
 * **************************************************
 *
 * EDET RESULTS
 *
 * WING DESIGN CONDITIONS
 *DES_MACH    DES_CL
    0.8779    0.2987
 *
 * POST-STALL LONGITUDINAL STABILITY ESTIMATE
 * (TAKAHASHI EDET2013a, NACA TN 1093)
 * CRIT_AR   PITCH_BREAK
      4.40        STABLE
 *
 * CD0 BUILD-UP

 *   MACH          ALTITUDE     REFERENCE_AREA     TECHNOLOGY LEVEL
     0.60         36152. FT       260.00 SQ_FT         CONVENTIONAL
 * 
 * COMPONENT               SWET     LENGTH   FINENESS       FORM       RN         CF        CDF
                          SQ_FT         FT      RATIO     FACTOR MILLIONS
 WING                    430.00       9.45     0.0748      1.254     13.1    0.00274    0.00568
 FUSELAGE                547.65      40.70     7.8100      1.191     56.2    0.00219    0.00550
  Vtail                   49.95       7.38     0.0550      1.183     10.2    0.00285    0.00065
  Htail                   84.40       4.66     0.0550      1.183      6.4    0.00307    0.00118
 DELTA WING                                                                             0.00000
 DELTA FUSELAGE                                                                         0.00100
 DELTA  Vtail                                                                           0.00000
 DELTA  Htail                                                                           0.00000
 MISC/EXCRESENCE                                                                        0.00369

 TOTAL                  1112.00                                              0.00414    0.01769
 *     NUMCL
          13
 *   NUMMACH
          12
 *      NALT
          18
 *
 * CHANGE IN DRAG COEFFICIENT FROM REF ALT & MACH
 * ALTITUDE     MACH  DELTA_CD
        0.     0.200  -0.00007
        0.     0.300  -0.00110
        0.     0.400  -0.00176
        0.     0.500  -0.00224
        0.     0.600  -0.00261
        0.     0.700  -0.00290
        0.     0.800  -0.00313
        0.     0.850  -0.00323
        0.     0.875  -0.00327
        0.     0.900  -0.00332
        0.     0.925  -0.00336
        0.     0.950  -0.00340
     5000.     0.200   0.00030
     5000.     0.300  -0.00076
     5000.     0.400  -0.00144
     5000.     0.500  -0.00194
     5000.     0.600  -0.00232
     5000.     0.700  -0.00262
     5000.     0.800  -0.00286
     5000.     0.850  -0.00297
     5000.     0.875  -0.00301
     5000.     0.900  -0.00306
     5000.     0.925  -0.00310
     5000.     0.950  -0.00314
    10000.     0.200   0.00070
    10000.     0.300  -0.00039
    10000.     0.400  -0.00110
    10000.     0.500  -0.00162
    10000.     0.600  -0.00201
    10000.     0.700  -0.00232
    10000.     0.800  -0.00258
    10000.     0.850  -0.00269
    10000.     0.875  -0.00274
    10000.     0.900  -0.00279
    10000.     0.925  -0.00283
    10000.     0.950  -0.00287
    15000.     0.200   0.00113
    15000.     0.300  -0.00001
    15000.     0.400  -0.00074
    15000.     0.500  -0.00127
    15000.     0.600  -0.00168
    15000.     0.700  -0.00201
    15000.     0.800  -0.00227
    15000.     0.850  -0.00239
    15000.     0.875  -0.00244
    15000.     0.900  -0.00249
    15000.     0.925  -0.00254
    15000.     0.950  -0.00259
    20000.     0.200   0.00159
    20000.     0.300   0.00041
    20000.     0.400  -0.00035
    20000.     0.500  -0.00091
    20000.     0.600  -0.00133
    20000.     0.700  -0.00167
    20000.     0.800  -0.00195
    20000.     0.850  -0.00207
    20000.     0.875  -0.00212
    20000.     0.900  -0.00218
    20000.     0.925  -0.00223
    20000.     0.950  -0.00228
    25000.     0.200   0.00208
    25000.     0.300   0.00086
    25000.     0.400   0.00007
    25000.     0.500  -0.00051
    25000.     0.600  -0.00095
    25000.     0.700  -0.00131
    25000.     0.800  -0.00160
    25000.     0.850  -0.00173
    25000.     0.875  -0.00178
    25000.     0.900  -0.00184
    25000.     0.925  -0.00190
    25000.     0.950  -0.00195
    30000.     0.200   0.00261
    30000.     0.300   0.00134
    30000.     0.400   0.00052
    30000.     0.500  -0.00008
    30000.     0.600  -0.00055
    30000.     0.700  -0.00092
    30000.     0.800  -0.00122
    30000.     0.850  -0.00136
    30000.     0.875  -0.00142
    30000.     0.900  -0.00148
    30000.     0.925  -0.00154
    30000.     0.950  -0.00159
    35000.     0.200   0.00319
    35000.     0.300   0.00186
    35000.     0.400   0.00100
    35000.     0.500   0.00038
    35000.     0.600  -0.00011
    35000.     0.700  -0.00050
    35000.     0.800  -0.00082
    35000.     0.850  -0.00096
    35000.     0.875  -0.00102
    35000.     0.900  -0.00109
    35000.     0.925  -0.00115
    35000.     0.950  -0.00120
    40000.     0.200   0.00398
    40000.     0.300   0.00258
    40000.     0.400   0.00167
    40000.     0.500   0.00101
    40000.     0.600   0.00049
    40000.     0.700   0.00008
    40000.     0.800  -0.00026
    40000.     0.850  -0.00042
    40000.     0.875  -0.00048
    40000.     0.900  -0.00055
    40000.     0.925  -0.00062
    40000.     0.950  -0.00068
    45000.     0.200   0.00489
    45000.     0.300   0.00339
    45000.     0.400   0.00242
    45000.     0.500   0.00172
    45000.     0.600   0.00117
    45000.     0.700   0.00072
    45000.     0.800   0.00036
    45000.     0.850   0.00019
    45000.     0.875   0.00012
    45000.     0.900   0.00004
    45000.     0.925  -0.00003
    45000.     0.950  -0.00009
    50000.     0.200   0.00584
    50000.     0.300   0.00425
    50000.     0.400   0.00322
    50000.     0.500   0.00247
    50000.     0.600   0.00188
    50000.     0.700   0.00141
    50000.     0.800   0.00101
    50000.     0.850   0.00084
    50000.     0.875   0.00076
    50000.     0.900   0.00068
    50000.     0.925   0.00060
    50000.     0.950   0.00053
    55000.     0.200   0.00687
    55000.     0.300   0.00517
    55000.     0.400   0.00407
    55000.     0.500   0.00326
    55000.     0.600   0.00264
    55000.     0.700   0.00213
    55000.     0.800   0.00171
    55000.     0.850   0.00152
    55000.     0.875   0.00143
    55000.     0.900   0.00135
    55000.     0.925   0.00126
    55000.     0.950   0.00119
    60000.     0.200   0.00796
    60000.     0.300   0.00614
    60000.     0.400   0.00497
    60000.     0.500   0.00411
    60000.     0.600   0.00344
    60000.     0.700   0.00290
    60000.     0.800   0.00244
    60000.     0.850   0.00224
    60000.     0.875   0.00215
    60000.     0.900   0.00206
    60000.     0.925   0.00197
    60000.     0.950   0.00189
    65000.     0.200   0.00912
    65000.     0.300   0.00718
    65000.     0.400   0.00593
    65000.     0.500   0.00501
    65000.     0.600   0.00430
    65000.     0.700   0.00371
    65000.     0.800   0.00323
    65000.     0.850   0.00301
    65000.     0.875   0.00291
    65000.     0.900   0.00281
    65000.     0.925   0.00272
    65000.     0.950   0.00263
    70000.     0.200   0.01042
    70000.     0.300   0.00833
    70000.     0.400   0.00698
    70000.     0.500   0.00600
    70000.     0.600   0.00524
    70000.     0.700   0.00461
    70000.     0.800   0.00409
    70000.     0.850   0.00385
    70000.     0.875   0.00375
    70000.     0.900   0.00364
    70000.     0.925   0.00354
    70000.     0.950   0.00344
    75000.     0.200   0.01181
    75000.     0.300   0.00956
    75000.     0.400   0.00811
    75000.     0.500   0.00706
    75000.     0.600   0.00624
    75000.     0.700   0.00557
    75000.     0.800   0.00501
    75000.     0.850   0.00475
    75000.     0.875   0.00464
    75000.     0.900   0.00452
    75000.     0.925   0.00441
    75000.     0.950   0.00431
    80000.     0.200   0.01329
    80000.     0.300   0.01088
    80000.     0.400   0.00932
    80000.     0.500   0.00819
    80000.     0.600   0.00731
    80000.     0.700   0.00658
    80000.     0.800   0.00598
    80000.     0.850   0.00571
    80000.     0.875   0.00559
    80000.     0.900   0.00546
    80000.     0.925   0.00534
    80000.     0.950   0.00523
    85000.     0.200   0.01488
    85000.     0.300   0.01228
    85000.     0.400   0.01061
    85000.     0.500   0.00939
    85000.     0.600   0.00844
    85000.     0.700   0.00767
    85000.     0.800   0.00702
    85000.     0.850   0.00673
    85000.     0.875   0.00659
    85000.     0.900   0.00646
    85000.     0.925   0.00633
    85000.     0.950   0.00621
 *
 * DRAG POLARS (@ REFERENCE CONDITIONS)
 *
 *MACH         ALPHA        CL        CD
 0.200        0.0000    0.0000    0.0184
 0.200        0.7656    0.0500    0.0189
 0.200        1.5312    0.1000    0.0200
 0.200        2.2968    0.1500    0.0217
 0.200        3.0624    0.2000    0.0239
 0.200        3.8281    0.2500    0.0273
 0.200        4.5937    0.3000    0.0311
 0.200        5.3593    0.3500    0.0374
 0.200        6.1249    0.4000    0.0460
 0.200        6.8905    0.4500    0.0575
 0.200        7.6561    0.5000    0.0697
 0.200        8.4217    0.5500    0.0878
 0.200        9.1873    0.6000    0.1067
 0.300        0.0000    0.0000    0.0184
 0.300        0.7574    0.0500    0.0189
 0.300        1.5148    0.1000    0.0199
 0.300        2.2722    0.1500    0.0216
 0.300        3.0296    0.2000    0.0238
 0.300        3.7870    0.2500    0.0273
 0.300        4.5444    0.3000    0.0311
 0.300        5.3018    0.3500    0.0373
 0.300        6.0592    0.4000    0.0460
 0.300        6.8166    0.4500    0.0574
 0.300        7.5740    0.5000    0.0696
 0.300        8.3313    0.5500    0.0878
 0.300        9.0887    0.6000    0.1066
 0.400        0.0000    0.0000    0.0183
 0.400        0.7456    0.0500    0.0188
 0.400        1.4913    0.1000    0.0199
 0.400        2.2369    0.1500    0.0215
 0.400        2.9825    0.2000    0.0238
 0.400        3.7281    0.2500    0.0272
 0.400        4.4738    0.3000    0.0310
 0.400        5.2194    0.3500    0.0373
 0.400        5.9650    0.4000    0.0459
 0.400        6.7107    0.4500    0.0574
 0.400        7.4563    0.5000    0.0695
 0.400        8.2019    0.5500    0.0877
 0.400        8.9475    0.6000    0.1065
 0.500        0.0000    0.0000    0.0182
 0.500        0.7300    0.0500    0.0187
 0.500        1.4600    0.1000    0.0198
 0.500        2.1900    0.1500    0.0214
 0.500        2.9201    0.2000    0.0237
 0.500        3.6501    0.2500    0.0271
 0.500        4.3801    0.3000    0.0309
 0.500        5.1101    0.3500    0.0372
 0.500        5.8401    0.4000    0.0458
 0.500        6.5701    0.4500    0.0573
 0.500        7.3001    0.5000    0.0694
 0.500        8.0301    0.5500    0.0876
 0.500        8.7602    0.6000    0.1064
 0.600        0.0000    0.0000    0.0181
 0.600        0.7101    0.0500    0.0186
 0.600        1.4202    0.1000    0.0197
 0.600        2.1303    0.1500    0.0213
 0.600        2.8404    0.2000    0.0235
 0.600        3.5505    0.2500    0.0270
 0.600        4.2606    0.3000    0.0308
 0.600        4.9706    0.3500    0.0370
 0.600        5.6807    0.4000    0.0457
 0.600        6.3908    0.4500    0.0572
 0.600        7.1009    0.5000    0.0693
 0.600        7.8110    0.5500    0.0875
 0.600        8.5211    0.6000    0.1063
 0.700        0.0000    0.0000    0.0180
 0.700        0.6852    0.0500    0.0185
 0.700        1.3704    0.1000    0.0196
 0.700        2.0555    0.1500    0.0212
 0.700        2.7407    0.2000    0.0235
 0.700        3.4259    0.2500    0.0269
 0.700        4.1111    0.3000    0.0307
 0.700        4.7962    0.3500    0.0370
 0.700        5.4814    0.4000    0.0456
 0.700        6.1666    0.4500    0.0571
 0.700        6.8518    0.5000    0.0692
 0.700        7.5369    0.5500    0.0874
 0.700        8.2221    0.6000    0.1062
 0.800        0.0000    0.0000    0.0181
 0.800        0.6542    0.0500    0.0186
 0.800        1.3083    0.1000    0.0197
 0.800        1.9625    0.1500    0.0215
 0.800        2.6167    0.2000    0.0238
 0.800        3.2709    0.2500    0.0270
 0.800        3.9250    0.3000    0.0309
 0.800        4.5792    0.3500    0.0371
 0.800        5.2334    0.4000    0.0457
 0.800        5.8875    0.4500    0.0572
 0.800        6.5417    0.5000    0.0694
 0.800        7.1959    0.5500    0.0875
 0.800        7.8501    0.6000    0.1064
 0.850        0.0000    0.0000    0.0186
 0.850        0.6467    0.0500    0.0191
 0.850        1.2934    0.1000    0.0202
 0.850        1.9401    0.1500    0.0221
 0.850        2.5868    0.2000    0.0245
 0.850        3.2335    0.2500    0.0276
 0.850        3.8802    0.3000    0.0315
 0.850        4.5269    0.3500    0.0383
 0.850        5.1736    0.4000    0.0469
 0.850        5.8203    0.4500    0.0583
 0.850        6.4670    0.5000    0.0704
 0.850        7.1137    0.5500    0.0886
 0.850        7.7604    0.6000    0.1075
 0.875        0.0000    0.0000    0.0190
 0.875        0.6467    0.0500    0.0196
 0.875        1.2934    0.1000    0.0208
 0.875        1.9401    0.1500    0.0227
 0.875        2.5868    0.2000    0.0252
 0.875        3.2335    0.2500    0.0285
 0.875        3.8802    0.3000    0.0330
 0.875        4.5269    0.3500    0.0398
 0.875        5.1736    0.4000    0.0484
 0.875        5.8203    0.4500    0.0600
 0.875        6.4670    0.5000    0.0723
 0.875        7.1137    0.5500    0.0907
 0.875        7.7604    0.6000    0.1098
 0.900        0.0000    0.0000    0.0204
 0.900        0.6467    0.0500    0.0211
 0.900        1.2934    0.1000    0.0223
 0.900        1.9401    0.1500    0.0243
 0.900        2.5868    0.2000    0.0268
 0.900        3.2335    0.2500    0.0305
 0.900        3.8802    0.3000    0.0358
 0.900        4.5269    0.3500    0.0427
 0.900        5.1736    0.4000    0.0514
 0.900        5.8203    0.4500    0.0632
 0.900        6.4670    0.5000    0.0756
 0.900        7.1137    0.5500    0.0943
 0.900        7.7604    0.6000    0.1137
 0.925        0.0000    0.0000    0.0233
 0.925        0.6467    0.0500    0.0242
 0.925        1.2934    0.1000    0.0256
 0.925        1.9401    0.1500    0.0275
 0.925        2.5868    0.2000    0.0300
 0.925        3.2335    0.2500    0.0346
 0.925        3.8802    0.3000    0.0407
 0.925        4.5269    0.3500    0.0484
 0.925        5.1736    0.4000    0.0573
 0.925        5.8203    0.4500    0.0692
 0.925        6.4670    0.5000    0.0818
 0.925        7.1137    0.5500    0.1005
 0.925        7.7604    0.6000    0.1201
 0.950        0.0000    0.0000    0.0565
 0.950        0.6467    0.0500    0.0575
 0.950        1.2934    0.1000    0.0591
 0.950        1.9401    0.1500    0.0610
 0.950        2.5868    0.2000    0.0635
 0.950        3.2335    0.2500    0.0691
 0.950        3.8802    0.3000    0.0767
 0.950        4.5269    0.3500    0.0853
 0.950        5.1736    0.4000    0.0947
 0.950        5.8203    0.4500    0.1064
 0.950        6.4670    0.5000    0.1189
 0.950        7.1137    0.5500    0.1376
 0.950        7.7604    0.6000    0.1573
 *
 *    MACH       CDF       CDC BUFFET_CL
     0.200   0.01814   0.00003     0.586
     0.300   0.01806   0.00006     0.577
     0.400   0.01796   0.00009     0.549
     0.500   0.01784   0.00011     0.518
     0.600   0.01769   0.00014     0.478
     0.700   0.01753   0.00022     0.441
     0.800   0.01734   0.00054     0.402
     0.850   0.01724   0.00107     0.380
     0.875   0.01719   0.00162     0.370
     0.900   0.01714   0.00300     0.356
     0.925   0.01709   0.00597     0.342
     0.950   0.01703   0.03914     0.328
 *
 * INDUCED DRAG
 *  CL           CDI
 0.000        0.0000
 0.050        0.0003
 0.100        0.0011
 0.150        0.0025
 0.200        0.0044
 0.250        0.0068
 0.300        0.0098
 0.350        0.0134
 0.400        0.0175
 0.450        0.0222
 0.500        0.0273
 0.550        0.0331
 0.600        0.0394
 *
 * PRESSURE DRAG COEFFICIENTS...CDP
 *MACH            CL   DEL_CDP
 0.200        0.0000    0.0002
 0.200        0.0500    0.0005
 0.200        0.1000    0.0007
 0.200        0.1500    0.0010
 0.200        0.2000    0.0013
 0.200        0.2500    0.0023
 0.200        0.3000    0.0031
 0.200        0.3500    0.0058
 0.200        0.4000    0.0104
 0.200        0.4500    0.0172
 0.200        0.5000    0.0241
 0.200        0.5500    0.0366
 0.200        0.6000    0.0491
 0.300        0.0000    0.0002
 0.300        0.0500    0.0005
 0.300        0.1000    0.0007
 0.300        0.1500    0.0010
 0.300        0.2000    0.0013
 0.300        0.2500    0.0023
 0.300        0.3000    0.0031
 0.300        0.3500    0.0058
 0.300        0.4000    0.0104
 0.300        0.4500    0.0172
 0.300        0.5000    0.0241
 0.300        0.5500    0.0366
 0.300        0.6000    0.0491
 0.400        0.0000    0.0002
 0.400        0.0500    0.0005
 0.400        0.1000    0.0007
 0.400        0.1500    0.0010
 0.400        0.2000    0.0013
 0.400        0.2500    0.0023
 0.400        0.3000    0.0031
 0.400        0.3500    0.0058
 0.400        0.4000    0.0104
 0.400        0.4500    0.0172
 0.400        0.5000    0.0241
 0.400        0.5500    0.0366
 0.400        0.6000    0.0491
 0.500        0.0000    0.0002
 0.500        0.0500    0.0005
 0.500        0.1000    0.0007
 0.500        0.1500    0.0010
 0.500        0.2000    0.0013
 0.500        0.2500    0.0023
 0.500        0.3000    0.0031
 0.500        0.3500    0.0058
 0.500        0.4000    0.0104
 0.500        0.4500    0.0172
 0.500        0.5000    0.0241
 0.500        0.5500    0.0366
 0.500        0.6000    0.0491
 0.600        0.0000    0.0002
 0.600        0.0500    0.0005
 0.600        0.1000    0.0007
 0.600        0.1500    0.0010
 0.600        0.2000    0.0013
 0.600        0.2500    0.0023
 0.600        0.3000    0.0031
 0.600        0.3500    0.0058
 0.600        0.4000    0.0104
 0.600        0.4500    0.0172
 0.600        0.5000    0.0241
 0.600        0.5500    0.0366
 0.600        0.6000    0.0491
 0.700        0.0000    0.0002
 0.700        0.0500    0.0005
 0.700        0.1000    0.0007
 0.700        0.1500    0.0010
 0.700        0.2000    0.0013
 0.700        0.2500    0.0023
 0.700        0.3000    0.0031
 0.700        0.3500    0.0058
 0.700        0.4000    0.0104
 0.700        0.4500    0.0172
 0.700        0.5000    0.0241
 0.700        0.5500    0.0366
 0.700        0.6000    0.0491
 0.800        0.0000    0.0002
 0.800        0.0500    0.0005
 0.800        0.1000    0.0007
 0.800        0.1500    0.0011
 0.800        0.2000    0.0015
 0.800        0.2500    0.0023
 0.800        0.3000    0.0031
 0.800        0.3500    0.0058
 0.800        0.4000    0.0104
 0.800        0.4500    0.0172
 0.800        0.5000    0.0241
 0.800        0.5500    0.0366
 0.800        0.6000    0.0491
 0.850        0.0000    0.0002
 0.850        0.0500    0.0005
 0.850        0.1000    0.0008
 0.850        0.1500    0.0013
 0.850        0.2000    0.0018
 0.850        0.2500    0.0025
 0.850        0.3000    0.0034
 0.850        0.3500    0.0066
 0.850        0.4000    0.0111
 0.850        0.4500    0.0178
 0.850        0.5000    0.0247
 0.850        0.5500    0.0372
 0.850        0.6000    0.0498
 0.875        0.0000    0.0002
 0.875        0.0500    0.0006
 0.875        0.1000    0.0009
 0.875        0.1500    0.0015
 0.875        0.2000    0.0020
 0.875        0.2500    0.0029
 0.875        0.3000    0.0044
 0.875        0.3500    0.0076
 0.875        0.4000    0.0121
 0.875        0.4500    0.0190
 0.875        0.5000    0.0261
 0.875        0.5500    0.0388
 0.875        0.6000    0.0516
 0.900        0.0000    0.0003
 0.900        0.0500    0.0007
 0.900        0.1000    0.0011
 0.900        0.1500    0.0017
 0.900        0.2000    0.0023
 0.900        0.2500    0.0036
 0.900        0.3000    0.0058
 0.900        0.3500    0.0092
 0.900        0.4000    0.0137
 0.900        0.4500    0.0209
 0.900        0.5000    0.0281
 0.900        0.5500    0.0410
 0.900        0.6000    0.0542
 0.925        0.0000    0.0003
 0.925        0.0500    0.0008
 0.925        0.1000    0.0014
 0.925        0.1500    0.0020
 0.925        0.2000    0.0026
 0.925        0.2500    0.0047
 0.925        0.3000    0.0077
 0.925        0.3500    0.0119
 0.925        0.4000    0.0167
 0.925        0.4500    0.0240
 0.925        0.5000    0.0314
 0.925        0.5500    0.0443
 0.925        0.6000    0.0577
 0.950        0.0000    0.0003
 0.950        0.0500    0.0011
 0.950        0.1000    0.0019
 0.950        0.1500    0.0024
 0.950        0.2000    0.0030
 0.950        0.2500    0.0061
 0.950        0.3000    0.0107
 0.950        0.3500    0.0158
 0.950        0.4000    0.0210
 0.950        0.4500    0.0281
 0.950        0.5000    0.0354
 0.950        0.5500    0.0483
 0.950        0.6000    0.0618
 *
 * ZERO-LIFT DRAG
 *MACH           CDF       CDC       CDO
 0.200        0.0181    0.0000    0.0182
 0.300        0.0181    0.0001    0.0181
 0.400        0.0180    0.0001    0.0180
 0.500        0.0178    0.0001    0.0180
 0.600        0.0177    0.0001    0.0178
 0.700        0.0175    0.0002    0.0177
 0.800        0.0173    0.0005    0.0179
 0.850        0.0172    0.0011    0.0183
 0.875        0.0172    0.0016    0.0188
 0.900        0.0171    0.0030    0.0201
 0.925        0.0171    0.0060    0.0231
 0.950        0.0170    0.0391    0.0562
 *END
